\BOOKMARK [1][]{section*.2}{\376\377\000\332\000v\000o\000d}{}% 1
\BOOKMARK [1][]{section.3}{\376\377\000P\000r\000o\000g\000r\000a\000m\000o\000v\000a\000c\000i\000e\000\040\000j\000a\000z\000y\000k\000y\000\040\000a\000\040\000k\000o\000m\000p\000i\000l\000\341\000t\000o\000r\000y}{}% 2
\BOOKMARK [2][]{subsection.4}{\376\377\000P\000r\000o\000c\000e\000s\000\040\000p\000r\000e\000k\000l\000a\000d\000u}{section.3}% 3
\BOOKMARK [3][]{subsubsection.5}{\376\377\000L\000e\000x\000i\000k\000\341\000l\000n\000a\000\040\000a\000n\000a\000l\000\375\000z\000a}{subsection.4}% 4
\BOOKMARK [3][]{subsubsection.7}{\376\377\000S\000y\000n\000t\000a\000k\000t\000i\000c\000k\000\341\000\040\000a\000n\000a\000l\000\375\000z\000a}{subsection.4}% 5
\BOOKMARK [3][]{subsubsection.9}{\376\377\000L\000i\000m\000i\000t\000\341\000c\000i\000a\000\040\000s\000y\000n\000t\000a\000k\000t\000i\000c\000k\000e\000j\000\040\000a\000n\000a\000l\000\375\000z\000y}{subsection.4}% 6
\BOOKMARK [3][]{subsubsection.10}{\376\377\000S\000e\000m\000a\000n\000t\000i\000c\000k\000\341\000\040\000a\000n\000a\000l\000\375\000z\000a}{subsection.4}% 7
\BOOKMARK [3][]{subsubsection.16}{\376\377\000G\000e\000n\000e\000r\000o\000v\000a\000n\000i\000e\000\040\000c\000i\000e\001\076\000o\000v\000\351\000h\000o\000\040\000j\000a\000z\000y\000k\000a}{subsection.4}% 8
\BOOKMARK [2][]{subsection.17}{\376\377\000A\000b\000e\000c\000e\000d\000a\000\040\000a\000\040\000v\000y\000h\000r\000a\000d\000e\000n\000\351\000\040\000s\000l\000o\000v\000\341\000\040\000j\000a\000z\000y\000k\000a}{section.3}% 9
\BOOKMARK [2][]{subsection.18}{\376\377\000P\000r\000o\000c\000e\000d\000\372\000r\000y\000\040\000a\000\040\000a\000l\000g\000o\000r\000i\000t\000m\000y}{section.3}% 10
\BOOKMARK [1][]{section.19}{\376\377\000O\000p\000e\000r\000a\001\015\000n\000\351\000\040\000s\000y\000s\000t\000\351\000m\000y}{}% 11
\BOOKMARK [2][]{subsection.20}{\376\377\000W\000i\000n\000d\000o\000w\000s}{section.19}% 12
\BOOKMARK [2][]{subsection.21}{\376\377\000M\000a\000c\000O\000s}{section.19}% 13
\BOOKMARK [2][]{subsection.22}{\376\377\000U\000n\000i\000x}{section.19}% 14
\BOOKMARK [2][]{subsection.23}{\376\377\000L\000i\000n\000u\000x}{section.19}% 15
\BOOKMARK [1][]{section.24}{\376\377\000\040\000S\000k\000r\000i\000p\000t\000o\000v\000a\000c\000i\000e\000\040\000j\000a\000z\000y\000k\000y}{}% 16
\BOOKMARK [2][]{subsection.25}{\376\377\000S\000h\000e\000l\000l}{section.24}% 17
\BOOKMARK [3][]{subsubsection.26}{\376\377\000V\000\375\000h\000o\000d\000y}{subsection.25}% 18
\BOOKMARK [3][]{subsubsection.27}{\376\377\000N\000e\000v\000\375\000h\000o\000d\000y}{subsection.25}% 19
\BOOKMARK [3][]{subsubsection.28}{\376\377\000P\000o\000p\000i\000s\000\040\000a\000\040\000z\000h\000o\000d\000n\000o\000t\000e\000n\000i\000e\000\040\000j\000a\000z\000y\000k\000a}{subsection.25}% 20
\BOOKMARK [2][]{subsection.30}{\376\377\000P\000o\000w\000e\000r\000s\000h\000e\000l\000/\000C\000l\000a\000s\000s\000i\000c\000\040\000c\000o\000m\000m\000a\000n\000d\000\040\000l\000i\000n\000e}{section.24}% 21
\BOOKMARK [3][]{subsubsection.31}{\376\377\000V\000\375\000h\000o\000d\000y}{subsection.30}% 22
\BOOKMARK [3][]{subsubsection.32}{\376\377\000N\000e\000v\000\375\000h\000o\000d\000y}{subsection.30}% 23
\BOOKMARK [1][]{section.33}{\376\377\000A\000n\000a\000l\000\375\000z\000a\000\040\000e\000x\000i\000s\000t\000u\000j\000u\000c\000i\000c\000h\000\040\000r\000i\000e\001\141\000e\000n\000i}{}% 24
\BOOKMARK [1][]{section.34}{\376\377\000A\000r\000c\000h\000i\000t\000e\000k\000t\000\372\000r\000a\000\040\000a\000p\000l\000i\000k\000\341\000c\000i\000e}{}% 25
\BOOKMARK [2][]{subsection.35}{\376\377\000P\000o\000u\000z\000i\000t\000e\000\040\000n\000a\000v\000r\000h\000o\000v\000e\000\040\000v\000z\000o\000r\000y}{section.34}% 26
\BOOKMARK [3][]{subsubsection.36}{\376\377\000C\000o\000m\000m\000a\000n\000d\000\040\000-\000\040\000p\000r\000\355\000k\000a\000z}{subsection.35}% 27
\BOOKMARK [3][]{subsubsection.39}{\376\377\000F\000a\000c\000t\000o\000r\000y\000\040\000-\000\040\000t\000o\000v\000\341\000r\000e\001\110}{subsection.35}% 28
\BOOKMARK [3][]{subsubsection.41}{\376\377\000I\000n\000t\000e\000r\000p\000r\000e\000t\000e\000r}{subsection.35}% 29
\BOOKMARK [2][]{subsection.42}{\376\377\000K\000o\000m\000p\000o\000n\000e\000n\000t\000y\000\040\000a\000p\000l\000i\000k\000\341\000c\000i\000e}{section.34}% 30
\BOOKMARK [1][]{section.43}{\376\377\000Z\000h\000o\000d\000n\000o\000t\000e\000n\000i\000e\000\040\000v\000\375\000s\000l\000e\000d\000k\000o\000v}{}% 31
\BOOKMARK [1][]{section*.44}{\376\377\000Z\000\341\000v\000e\000r}{}% 32
\BOOKMARK [1][]{section*.45}{\376\377\000Z\000o\000z\000n\000a\000m\000\040\000p\000o\000u\001\176\000i\000t\000e\000j\000\040\000l\000i\000t\000e\000r\000a\000t\000\372\000r\000y}{}% 33
\BOOKMARK [1][]{section*.46}{\376\377\000P\000r\000\355\000l\000o\000h\000y}{}% 34
\BOOKMARK [1][]{section.48}{\376\377\000C\000D\000\040\000s\000\040\000a\000p\000l\000i\000k\000\341\000c\000i\000o\000u}{}% 35
\BOOKMARK [1][]{section.51}{\376\377\000N\000\341\000v\000o\000d\000\040\000n\000a\000\040\000s\000p\000u\000s\000t\000e\000n\000i\000e\000\040\000a\000\040\000p\000o\000u\001\176\000\355\000v\000a\000n\000i\000e\000\040\000a\000p\000l\000i\000k\000\341\000c\000i\000e}{}% 36
